<?xml version="1.0" encoding="UTF-8"?>
<!-- Generated by org.testng.reporters.JUnitReportReporter -->
<testsuite hostname="MyGenie" failures="0" tests="18" name="testRunner.TestRunner" time="148.221" errors="3" timestamp="2024-12-19T19:20:12 CST" skipped="0">
  <testcase classname="testRunner.TestRunner" name="runScenario" time="9.218"/>
  <testcase classname="testRunner.TestRunner" name="runScenario" time="7.170"/>
  <testcase classname="testRunner.TestRunner" name="runScenario" time="8.572"/>
  <testcase classname="testRunner.TestRunner" name="runScenario" time="9.025"/>
  <testcase classname="testRunner.TestRunner" name="runScenario" time="6.180">
    <error message="Error initializing Excel data: The supplied file &#039;C:\Users\madhu\OneDrive\Desktop\SDET\AS_BDD\src\test\resources\TestData\ExcelData.xlsx&#039; was empty (zero bytes long)" type="java.lang.RuntimeException">
      <![CDATA[java.lang.RuntimeException: Error initializing Excel data: The supplied file 'C:\Users\madhu\OneDrive\Desktop\SDET\AS_BDD\src\test\resources\TestData\ExcelData.xlsx' was empty (zero bytes long)
at appHook.Hooks.setUp(Hooks.java:35)
]]>
    </error>
  </testcase> <!-- runScenario -->
  <testcase classname="testRunner.TestRunner" name="runScenario" time="7.454"/>
  <testcase classname="testRunner.TestRunner" name="runScenario" time="10.967"/>
  <testcase classname="testRunner.TestRunner" name="runScenario" time="9.625"/>
  <testcase classname="testRunner.TestRunner" name="runScenario" time="10.277"/>
  <testcase classname="testRunner.TestRunner" name="runScenario" time="8.071"/>
  <testcase classname="testRunner.TestRunner" name="runScenario" time="5.726"/>
  <testcase classname="testRunner.TestRunner" name="runScenario" time="9.837"/>
  <testcase classname="testRunner.TestRunner" name="runScenario" time="8.401"/>
  <testcase classname="testRunner.TestRunner" name="runScenario" time="8.655"/>
  <testcase classname="testRunner.TestRunner" name="runScenario" time="6.193">
    <error message="Error initializing Excel data: The supplied file &#039;C:\Users\madhu\OneDrive\Desktop\SDET\AS_BDD\src\test\resources\TestData\ExcelData.xlsx&#039; was empty (zero bytes long)" type="java.lang.RuntimeException">
      <![CDATA[java.lang.RuntimeException: Error initializing Excel data: The supplied file 'C:\Users\madhu\OneDrive\Desktop\SDET\AS_BDD\src\test\resources\TestData\ExcelData.xlsx' was empty (zero bytes long)
at appHook.Hooks.setUp(Hooks.java:35)
]]>
    </error>
  </testcase> <!-- runScenario -->
  <testcase classname="testRunner.TestRunner" name="runScenario" time="9.112"/>
  <testcase classname="testRunner.TestRunner" name="runScenario" time="6.221">
    <error message="Error initializing Excel data: Fail to save: an error occurs while saving the package : The part /xl/worksheets/sheet3.xml failed to be saved in the stream with marshaller org.apache.poi.openxml4j.opc.internal.marshallers.DefaultMarshaller@5a0910a5. Enable logging via Log4j 2 for more details." type="java.lang.RuntimeException">
      <![CDATA[java.lang.RuntimeException: Error initializing Excel data: Fail to save: an error occurs while saving the package : The part /xl/worksheets/sheet3.xml failed to be saved in the stream with marshaller org.apache.poi.openxml4j.opc.internal.marshallers.DefaultMarshaller@5a0910a5. Enable logging via Log4j 2 for more details.
at appHook.Hooks.setUp(Hooks.java:35)
]]>
    </error>
  </testcase> <!-- runScenario -->
  <testcase classname="testRunner.TestRunner" name="runScenario" time="7.517"/>
</testsuite> <!-- testRunner.TestRunner -->
